<?xml version="1.0" encoding="UTF-8"?>
<!-- Generated by org.testng.reporters.JUnitReportReporter -->
<testsuite hostname="DESKTOP-13DKUVV" failures="0" tests="1" name="com.qa.test.PageTest" time="0.007" errors="0" timestamp="2021-10-19T12:36:01 CDT" skipped="0">
  <testcase classname="com.qa.test.PageTest" name="pagetest" time="0.007"/>
  <system-out/>
</testsuite> <!-- com.qa.test.PageTest -->
