<?xml version="1.0" encoding="UTF-8"?>
<!-- Generated by org.testng.reporters.JUnitReportReporter -->
<testsuite skipped="0" hostname="DESKTOP-13DKUVV" name="com.qa.test.PageTest" tests="1" failures="0" timestamp="2021-10-19T12:36:21 CDT" time="0.005" errors="0">
  <testcase name="pagetest" time="0.005" classname="com.qa.test.PageTest"/>
  <system-out/>
</testsuite> <!-- com.qa.test.PageTest -->
